Added Component: Designator=C16(0402C)
Added Component: Designator=C17(0402C)
Added Component: Designator=C18(0402C)
Added Component: Designator=C19(0402C)
Added Component: Designator=C20(0402C)
Added Component: Designator=C21(0402C)
Added Component: Designator=D6(SOT23)
Added Component: Designator=R12(0402R)
Added Component: Designator=R13(0402R)
Added Component: Designator=R15(0402R)
Added Component: Designator=R16(0402R)
Added Component: Designator=R17(0402R)
Added Component: Designator=R18(0402R)
Added Component: Designator=R19(0402R)
Added Component: Designator=R21(0402R)
Added Component: Designator=TP1(SIP1)
Added Component: Designator=TP2(SIP1)
Added Component: Designator=TP3(SIP1)
Added Component: Designator=TP4(SIP1)
Added Component: Designator=TP5(SIP1)
Added Component: Designator=TP6(SIP1)
Added Component: Designator=TP7(SIP1)
Added Component: Designator=TP8(SIP1)
Added Component: Designator=TP9(SIP1)
Added Component: Designator=TP10(SIP1)
Added Component: Designator=TP11(SIP1)
Added Component: Designator=TP12(SIP1)
Added Component: Designator=TP13(SIP1)
Added Component: Designator=TP14(SIP1)
Added Component: Designator=TP15(SIP1)
Added Component: Designator=TP16(SIP1)
Added Component: Designator=TP17(SIP1)
Added Pin To Net: NetName=VDDA Pin=C16-1
Added Pin To Net: NetName=GND Pin=C16-2
Added Pin To Net: NetName=GND Pin=C17-1
Added Pin To Net: NetName=ACM Pin=C17-2
Added Pin To Net: NetName=OPO Pin=C18-1
Added Pin To Net: NetName=AIN5 Pin=C18-2
Added Pin To Net: NetName=GND Pin=C19-1
Added Pin To Net: NetName=AIN5 Pin=C19-2
Added Pin To Net: NetName=AIN4 Pin=C20-1
Added Pin To Net: NetName=GND Pin=C20-2
Added Pin To Net: NetName=GND Pin=C21-1
Added Pin To Net: NetName=VCC Pin=C21-2
Added Pin To Net: NetName=NetD6_1 Pin=D6-1
Added Pin To Net: NetName=NetD6_1 Pin=D6-2
Added Pin To Net: NetName=GND Pin=D6-3
Added Pin To Net: NetName=AIN9 Pin=R12-1
Added Pin To Net: NetName=NetD6_1 Pin=R12-2
Added Pin To Net: NetName=AIN3 Pin=R13-1
Added Pin To Net: NetName=NetD6_1 Pin=R13-2
Added Pin To Net: NetName=AIN9 Pin=R15-1
Added Pin To Net: NetName=GND Pin=R15-2
Added Pin To Net: NetName=OPO Pin=R16-1
Added Pin To Net: NetName=AIN5 Pin=R16-2
Added Pin To Net: NetName=AIN4 Pin=R17-1
Added Pin To Net: NetName=OPO Pin=R17-2
Added Pin To Net: NetName=AIN5 Pin=R18-1
Added Pin To Net: NetName=GND Pin=R18-2
Added Pin To Net: NetName=RXD Pin=R19-1
Added Pin To Net: NetName=PT14 Pin=R19-2
Added Pin To Net: NetName=GND Pin=R21-1
Added Pin To Net: NetName=AIN3 Pin=R21-2
Added Pin To Net: NetName=VCC Pin=TP1-1
Added Pin To Net: NetName=VCC Pin=TP2-1
Added Pin To Net: NetName=GND Pin=TP3-1
Added Pin To Net: NetName=GND Pin=TP4-1
Added Pin To Net: NetName=RXD Pin=TP5-1
Added Pin To Net: NetName=PT11_16 Pin=TP6-1
Added Pin To Net: NetName=PT15 Pin=TP7-1
Added Pin To Net: NetName=AIN0 Pin=TP8-1
Added Pin To Net: NetName=ACM Pin=TP9-1
Added Pin To Net: NetName=VDDA Pin=TP10-1
Added Pin To Net: NetName=AIN3 Pin=TP11-1
Added Pin To Net: NetName=AIN9 Pin=TP12-1
Added Pin To Net: NetName=PT13 Pin=TP13-1
Added Pin To Net: NetName=PT14 Pin=TP14-1
Added Pin To Net: NetName=GND Pin=TP15-1
Added Pin To Net: NetName=GND Pin=TP16-1
Added Pin To Net: NetName=GND Pin=TP17-1
Added Member To Class: ClassName=Earphone-6 Member=Component C16 1uF
Added Member To Class: ClassName=Earphone-6 Member=Component C17 0.1uF
Added Member To Class: ClassName=Earphone-6 Member=Component C18 30pF
Added Member To Class: ClassName=Earphone-6 Member=Component C19 3.9nF
Added Member To Class: ClassName=Earphone-6 Member=Component C20 27nF
Added Member To Class: ClassName=Earphone-6 Member=Component C21 0.1uF
Added Member To Class: ClassName=Earphone-6 Member=Component D6 AZ432
Added Member To Class: ClassName=Earphone-6 Member=Component R12 560K/1%
Added Member To Class: ClassName=Earphone-6 Member=Component R13 210K/1%
Added Member To Class: ClassName=Earphone-6 Member=Component R15 180K/1%
Added Member To Class: ClassName=Earphone-6 Member=Component R16 20K/100ppm
Added Member To Class: ClassName=Earphone-6 Member=Component R17 1K
Added Member To Class: ClassName=Earphone-6 Member=Component R18 560K
Added Member To Class: ClassName=Earphone-6 Member=Component R19 1K
Added Member To Class: ClassName=Earphone-6 Member=Component R21 100K/1%
Added Member To Class: ClassName=Earphone-6 Member=Component TP1 VCC
Added Member To Class: ClassName=Earphone-6 Member=Component TP2 VCC
Added Member To Class: ClassName=Earphone-6 Member=Component TP3 GND
Added Member To Class: ClassName=Earphone-6 Member=Component TP4 GND
Added Member To Class: ClassName=Earphone-6 Member=Component TP5 RXD
Added Member To Class: ClassName=Earphone-6 Member=Component TP6 PT11_16
Added Member To Class: ClassName=Earphone-6 Member=Component TP7 PT15
Added Member To Class: ClassName=Earphone-6 Member=Component TP8 AIN0
Added Member To Class: ClassName=Earphone-6 Member=Component TP9 ACM
Added Member To Class: ClassName=Earphone-6 Member=Component TP10 VDDA
Added Member To Class: ClassName=Earphone-6 Member=Component TP11 AIN3
Added Member To Class: ClassName=Earphone-6 Member=Component TP12 AIN9
Added Member To Class: ClassName=Earphone-6 Member=Component TP13 PT13
Added Member To Class: ClassName=Earphone-6 Member=Component TP14 PT14
Added Member To Class: ClassName=Earphone-6 Member=Component TP15 GND
Added Member To Class: ClassName=Earphone-6 Member=Component TP16 GND
Added Member To Class: ClassName=Earphone-6 Member=Component TP17 GND
Added Room: Name=Earphone-6
