Removed Pin From Net: NetName=VCC Pin=C3-1
Removed Pin From Net: NetName=GND Pin=C3-2
Removed Pin From Net: NetName=VCC Pin=U4-1
Removed Pin From Net: NetName=NTC Pin=U4-5
Removed Pin From Net: NetName=GND Pin=U4-6
Removed Pin From Net: NetName=GND Pin=U4-7
Removed Pin From Net: NetName=RXD Pin=U4-11
Removed Pin From Net: NetName=PT15 Pin=U4-12
Removed Pin From Net: NetName=GND Pin=U4-14
Removed Member From Class: ClassName=Earphone-3 Member=U4
Change Component Comment : Designator=C4 Old Comment=1uF New Comment=0.1uF
Change Component Comment : Designator=R7 Old Comment=10K New Comment=100K
Change Component Comment : Designator=C3 Old Comment=10uF New Comment=20pF
Change Component Library : Designator=C3 Old Library=Schlib1.SchLib New Library=Earphone.SchLib
Added Component: Designator=C14(0402C)
Added Component: Designator=C15(0402C)
Added Component: Designator=C16(0402C)
Added Component: Designator=C17(0402C)
Added Component: Designator=C18(0402C)
Added Component: Designator=C19(0402C)
Added Component: Designator=C20(0402C)
Added Component: Designator=C21(0402C)
Added Component: Designator=D6(SOT23)
Added Component: Designator=R2(0402R)
Added Component: Designator=R12(0402R)
Added Component: Designator=R13(0402R)
Added Component: Designator=R14(0402R)
Added Component: Designator=R15(0402R)
Added Component: Designator=R16(0402R)
Added Component: Designator=R17(0402R)
Added Component: Designator=R18(0402R)
Added Component: Designator=R19(0402R)
Added Component: Designator=R20(0402R)
Added Component: Designator=TP1(SIP1)
Added Component: Designator=TP2(SIP1)
Added Component: Designator=TP3(SIP1)
Added Component: Designator=TP4(SIP1)
Added Component: Designator=TP5(SIP1)
Added Component: Designator=TP6(SIP1)
Added Component: Designator=TP7(SIP1)
Added Component: Designator=TP8(SIP1)
Added Component: Designator=TP9(SIP1)
Added Component: Designator=TP10(SIP1)
Added Component: Designator=TP11(SIP1)
Added Component: Designator=TP12(SIP1)
Added Component: Designator=TP13(SIP1)
Added Component: Designator=TP14(SIP1)
Added Component: Designator=TP15(SIP1)
Added Component: Designator=TP16(SIP1)
Added Component: Designator=TP17(SIP1)
Added Component: Designator=U1(SOP-8)
Added Component: Designator=U3(QFN_48PIN)
Added Component: Designator=Y1(Y1)
Added Pin To Net: NetName=GND Pin=C3-1
Added Pin To Net: NetName=VCC Pin=C14-1
Added Pin To Net: NetName=GND Pin=C14-2
Added Pin To Net: NetName=GND Pin=C15-1
Added Pin To Net: NetName=GND Pin=C16-2
Added Pin To Net: NetName=GND Pin=C17-1
Added Pin To Net: NetName=GND Pin=C19-1
Added Pin To Net: NetName=GND Pin=C20-2
Added Pin To Net: NetName=GND Pin=C21-1
Added Pin To Net: NetName=VCC Pin=C21-2
Added Pin To Net: NetName=GND Pin=D6-3
Added Pin To Net: NetName=GND Pin=R14-2
Added Pin To Net: NetName=GND Pin=R15-2
Added Pin To Net: NetName=GND Pin=R18-2
Added Pin To Net: NetName=RXD Pin=R19-1
Added Pin To Net: NetName=VCC Pin=TP1-1
Added Pin To Net: NetName=VCC Pin=TP2-1
Added Pin To Net: NetName=GND Pin=TP3-1
Added Pin To Net: NetName=GND Pin=TP4-1
Added Pin To Net: NetName=RXD Pin=TP5-1
Added Pin To Net: NetName=PT15 Pin=TP7-1
Added Pin To Net: NetName=GND Pin=TP15-1
Added Pin To Net: NetName=GND Pin=TP16-1
Added Pin To Net: NetName=GND Pin=TP17-1
Added Pin To Net: NetName=GND Pin=U1-1
Added Pin To Net: NetName=GND Pin=U1-2
Added Pin To Net: NetName=GND Pin=U1-3
Added Pin To Net: NetName=GND Pin=U1-4
Added Pin To Net: NetName=GND Pin=U1-7
Added Pin To Net: NetName=VCC Pin=U1-8
Added Pin To Net: NetName=NTC Pin=U3-9
Added Pin To Net: NetName=GND Pin=U3-18
Added Pin To Net: NetName=PT15 Pin=U3-26
Added Pin To Net: NetName=VCC Pin=U3-46
Added Pin To Net: NetName=ACM Pin=C17-2
Added Pin To Net: NetName=ACM Pin=TP9-1
Added Pin To Net: NetName=ACM Pin=U3-7
Added Pin To Net: NetName=ACM Pin=U3-10
Added Net: Name=ACM
Added Pin To Net: NetName=AIN0 Pin=JP1-4
Added Pin To Net: NetName=AIN0 Pin=R20-1
Added Pin To Net: NetName=AIN0 Pin=TP8-1
Added Pin To Net: NetName=AIN0 Pin=U3-8
Added Net: Name=AIN0
Added Pin To Net: NetName=AIN3 Pin=R13-1
Added Pin To Net: NetName=AIN3 Pin=R14-1
Added Pin To Net: NetName=AIN3 Pin=TP11-1
Added Pin To Net: NetName=AIN3 Pin=U3-11
Added Net: Name=AIN3
Added Pin To Net: NetName=AIN4 Pin=C20-1
Added Pin To Net: NetName=AIN4 Pin=R17-1
Added Pin To Net: NetName=AIN4 Pin=U3-12
Added Net: Name=AIN4
Added Pin To Net: NetName=AIN5 Pin=C18-2
Added Pin To Net: NetName=AIN5 Pin=C19-2
Added Pin To Net: NetName=AIN5 Pin=R16-2
Added Pin To Net: NetName=AIN5 Pin=R18-1
Added Pin To Net: NetName=AIN5 Pin=U3-13
Added Net: Name=AIN5
Added Pin To Net: NetName=AIN9 Pin=R12-1
Added Pin To Net: NetName=AIN9 Pin=R15-1
Added Pin To Net: NetName=AIN9 Pin=TP12-1
Added Pin To Net: NetName=AIN9 Pin=U3-16
Added Net: Name=AIN9
Added Pin To Net: NetName=E_VCC Pin=R20-2
Added Pin To Net: NetName=E_VCC Pin=U3-5
Added Net: Name=E_VCC
Added Pin To Net: NetName=NetD6_1 Pin=D6-1
Added Pin To Net: NetName=NetD6_1 Pin=D6-2
Added Pin To Net: NetName=NetD6_1 Pin=R12-2
Added Pin To Net: NetName=NetD6_1 Pin=R13-2
Added Net: Name=NetD6_1
Added Pin To Net: NetName=OPO Pin=C18-1
Added Pin To Net: NetName=OPO Pin=R16-1
Added Pin To Net: NetName=OPO Pin=R17-2
Added Pin To Net: NetName=OPO Pin=U3-19
Added Net: Name=OPO
Added Pin To Net: NetName=PT10 Pin=U3-21
Added Net: Name=PT10
Added Pin To Net: NetName=PT11_16 Pin=JP1-3
Added Pin To Net: NetName=PT11_16 Pin=TP6-1
Added Pin To Net: NetName=PT11_16 Pin=U3-22
Added Pin To Net: NetName=PT11_16 Pin=U3-27
Added Net: Name=PT11_16
Added Pin To Net: NetName=PT13 Pin=TP13-1
Added Pin To Net: NetName=PT13 Pin=U3-24
Added Net: Name=PT13
Added Pin To Net: NetName=PT14 Pin=R19-2
Added Pin To Net: NetName=PT14 Pin=TP14-1
Added Pin To Net: NetName=PT14 Pin=U3-25
Added Net: Name=PT14
Added Pin To Net: NetName=SCL Pin=U1-6
Added Pin To Net: NetName=SCL Pin=U3-4
Added Net: Name=SCL
Added Pin To Net: NetName=SDA Pin=U1-5
Added Pin To Net: NetName=SDA Pin=U3-3
Added Net: Name=SDA
Added Pin To Net: NetName=VDDA Pin=C16-1
Added Pin To Net: NetName=VDDA Pin=TP10-1
Added Pin To Net: NetName=VDDA Pin=U3-6
Added Net: Name=VDDA
Added Pin To Net: NetName=VPP Pin=C4-2
Added Pin To Net: NetName=VPP Pin=R7-1
Added Pin To Net: NetName=VPP Pin=U3-20
Added Net: Name=VPP
Added Pin To Net: NetName=XTI Pin=C15-2
Added Pin To Net: NetName=XTI Pin=R2-1
Added Pin To Net: NetName=XTI Pin=U3-48
Added Pin To Net: NetName=XTI Pin=Y1-2
Added Net: Name=XTI
Added Pin To Net: NetName=XTO Pin=C3-2
Added Pin To Net: NetName=XTO Pin=R2-2
Added Pin To Net: NetName=XTO Pin=U3-47
Added Pin To Net: NetName=XTO Pin=Y1-1
Added Net: Name=XTO
Change Class Name : Old Net Name=Earphone-3 New Net Name=Earphone-6
Added Member To Class: ClassName=Earphone-6 Member=Component C14 10uF
Added Member To Class: ClassName=Earphone-6 Member=Component C15 20pF
Added Member To Class: ClassName=Earphone-6 Member=Component C16 1uF
Added Member To Class: ClassName=Earphone-6 Member=Component C17 0.1uF
Added Member To Class: ClassName=Earphone-6 Member=Component C18 30pF
Added Member To Class: ClassName=Earphone-6 Member=Component C19 3.9nF
Added Member To Class: ClassName=Earphone-6 Member=Component C20 27nF
Added Member To Class: ClassName=Earphone-6 Member=Component C21 0.1uF
Added Member To Class: ClassName=Earphone-6 Member=Component D6 AZ432
Added Member To Class: ClassName=Earphone-6 Member=Component R2 10M
Added Member To Class: ClassName=Earphone-6 Member=Component R12 560K/1%
Added Member To Class: ClassName=Earphone-6 Member=Component R13 210K/1%
Added Member To Class: ClassName=Earphone-6 Member=Component R14 100K/1%
Added Member To Class: ClassName=Earphone-6 Member=Component R15 180K/1%
Added Member To Class: ClassName=Earphone-6 Member=Component R16 20K/100ppm
Added Member To Class: ClassName=Earphone-6 Member=Component R17 1K
Added Member To Class: ClassName=Earphone-6 Member=Component R18 560K
Added Member To Class: ClassName=Earphone-6 Member=Component R19 1K
Added Member To Class: ClassName=Earphone-6 Member=Component R20 200R
Added Member To Class: ClassName=Earphone-6 Member=Component TP1 VCC
Added Member To Class: ClassName=Earphone-6 Member=Component TP2 VCC
Added Member To Class: ClassName=Earphone-6 Member=Component TP3 GND
Added Member To Class: ClassName=Earphone-6 Member=Component TP4 GND
Added Member To Class: ClassName=Earphone-6 Member=Component TP5 RXD
Added Member To Class: ClassName=Earphone-6 Member=Component TP6 PT11_16
Added Member To Class: ClassName=Earphone-6 Member=Component TP7 PT15
Added Member To Class: ClassName=Earphone-6 Member=Component TP8 AIN0
Added Member To Class: ClassName=Earphone-6 Member=Component TP9 ACM
Added Member To Class: ClassName=Earphone-6 Member=Component TP10 VDDA
Added Member To Class: ClassName=Earphone-6 Member=Component TP11 AIN3
Added Member To Class: ClassName=Earphone-6 Member=Component TP12 AIN9
Added Member To Class: ClassName=Earphone-6 Member=Component TP13 PT13
Added Member To Class: ClassName=Earphone-6 Member=Component TP14 PT14
Added Member To Class: ClassName=Earphone-6 Member=Component TP15 GND
Added Member To Class: ClassName=Earphone-6 Member=Component TP16 GND
Added Member To Class: ClassName=Earphone-6 Member=Component TP17 GND
Added Member To Class: ClassName=Earphone-6 Member=Component U1 24C08
Added Member To Class: ClassName=Earphone-6 Member=Component U3 GLU_QFN48
Added Member To Class: ClassName=Earphone-6 Member=Component Y1 32.768KHz
Added Room: Name=Earphone-6
